2023-11-02T09:43:59.258+05:30  INFO 17776 --- [restartedMain] c.p.v.VendormanagementsystemApplication  : Starting VendormanagementsystemApplication using Java 17.0.6 with PID 17776 (E:\Dev Zone\GitHub\VendorManagementSystem\vendormanagementsystem\target\classes started by USER in E:\Dev Zone\GitHub\VendorManagementSystem\vendormanagementsystem)
2023-11-02T09:43:59.432+05:30  INFO 17776 --- [restartedMain] c.p.v.VendormanagementsystemApplication  : No active profile set, falling back to 1 default profile: "default"
2023-11-02T09:43:59.885+05:30  INFO 17776 --- [restartedMain] .e.DevToolsPropertyDefaultsPostProcessor : Devtools property defaults active! Set 'spring.devtools.add-properties' to 'false' to disable
2023-11-02T09:43:59.911+05:30  INFO 17776 --- [restartedMain] .e.DevToolsPropertyDefaultsPostProcessor : For additional web related logging consider setting the 'logging.level.web' property to 'DEBUG'
2023-11-02T09:44:04.768+05:30  INFO 17776 --- [restartedMain] .s.d.r.c.RepositoryConfigurationDelegate : Bootstrapping Spring Data JPA repositories in DEFAULT mode.
2023-11-02T09:44:05.302+05:30  INFO 17776 --- [restartedMain] .s.d.r.c.RepositoryConfigurationDelegate : Finished Spring Data repository scanning in 484 ms. Found 9 JPA repository interfaces.
2023-11-02T09:44:08.534+05:30  INFO 17776 --- [restartedMain] o.s.b.w.embedded.tomcat.TomcatWebServer  : Tomcat initialized with port(s): 1612 (http)
2023-11-02T09:44:08.565+05:30  INFO 17776 --- [restartedMain] o.apache.catalina.core.StandardService   : Starting service [Tomcat]
2023-11-02T09:44:08.567+05:30  INFO 17776 --- [restartedMain] o.apache.catalina.core.StandardEngine    : Starting Servlet engine: [Apache Tomcat/10.1.13]
2023-11-02T09:44:08.725+05:30  INFO 17776 --- [restartedMain] o.a.c.c.C.[.[localhost].[/api/v1]        : Initializing Spring embedded WebApplicationContext
2023-11-02T09:44:08.725+05:30  INFO 17776 --- [restartedMain] w.s.c.ServletWebServerApplicationContext : Root WebApplicationContext: initialization completed in 8812 ms
2023-11-02T09:44:09.027+05:30  INFO 17776 --- [restartedMain] o.hibernate.jpa.internal.util.LogHelper  : HHH000204: Processing PersistenceUnitInfo [name: default]
2023-11-02T09:44:09.192+05:30  INFO 17776 --- [restartedMain] org.hibernate.Version                    : HHH000412: Hibernate ORM core version 6.2.9.Final
2023-11-02T09:44:09.207+05:30  INFO 17776 --- [restartedMain] org.hibernate.cfg.Environment            : HHH000406: Using bytecode reflection optimizer
2023-11-02T09:44:09.670+05:30  INFO 17776 --- [restartedMain] o.h.b.i.BytecodeProviderInitiator        : HHH000021: Bytecode provider name : bytebuddy
2023-11-02T09:44:10.035+05:30  INFO 17776 --- [restartedMain] o.s.o.j.p.SpringPersistenceUnitInfo      : No LoadTimeWeaver setup: ignoring JPA class transformer
2023-11-02T09:44:10.100+05:30  INFO 17776 --- [restartedMain] com.zaxxer.hikari.HikariDataSource       : HikariPool-1 - Starting...
2023-11-02T09:44:13.981+05:30  INFO 17776 --- [restartedMain] com.zaxxer.hikari.pool.HikariPool        : HikariPool-1 - Added connection com.mysql.cj.jdbc.ConnectionImpl@2bc6c63
2023-11-02T09:44:14.011+05:30  INFO 17776 --- [restartedMain] com.zaxxer.hikari.HikariDataSource       : HikariPool-1 - Start completed.
2023-11-02T09:44:14.294+05:30  WARN 17776 --- [restartedMain] org.hibernate.orm.deprecation            : HHH90000026: MySQL8Dialect has been deprecated; use org.hibernate.dialect.MySQLDialect instead
2023-11-02T09:44:15.729+05:30  INFO 17776 --- [restartedMain] o.h.b.i.BytecodeProviderInitiator        : HHH000021: Bytecode provider name : bytebuddy
2023-11-02T09:44:20.473+05:30  INFO 17776 --- [restartedMain] o.h.e.t.j.p.i.JtaPlatformInitiator       : HHH000490: Using JtaPlatform implementation: [org.hibernate.engine.transaction.jta.platform.internal.NoJtaPlatform]
2023-11-02T09:44:20.925+05:30  INFO 17776 --- [restartedMain] j.LocalContainerEntityManagerFactoryBean : Initialized JPA EntityManagerFactory for persistence unit 'default'
2023-11-02T09:44:24.826+05:30  WARN 17776 --- [restartedMain] JpaBaseConfiguration$JpaWebConfiguration : spring.jpa.open-in-view is enabled by default. Therefore, database queries may be performed during view rendering. Explicitly configure spring.jpa.open-in-view to disable this warning
2023-11-02T09:44:25.979+05:30  INFO 17776 --- [restartedMain] o.s.s.web.DefaultSecurityFilterChain     : Will secure any request with [org.springframework.security.web.session.DisableEncodeUrlFilter@5987daf1, org.springframework.security.web.context.request.async.WebAsyncManagerIntegrationFilter@3bcb1075, org.springframework.security.web.context.SecurityContextHolderFilter@4f153fc8, org.springframework.security.web.header.HeaderWriterFilter@2b4e4d6a, org.springframework.web.filter.CorsFilter@19129cd5, org.springframework.security.web.authentication.logout.LogoutFilter@64774031, com.paranthaman.vendormanagementsystem.config.JwtAuthenticationFilter@5dd2788, org.springframework.security.web.savedrequest.RequestCacheAwareFilter@3f13d767, org.springframework.security.web.servletapi.SecurityContextHolderAwareRequestFilter@40779075, org.springframework.security.web.authentication.AnonymousAuthenticationFilter@45397859, org.springframework.security.web.session.SessionManagementFilter@4a367537, org.springframework.security.web.access.ExceptionTranslationFilter@127d22d5, org.springframework.security.web.access.intercept.AuthorizationFilter@6710b7db]
2023-11-02T09:44:26.924+05:30  INFO 17776 --- [restartedMain] o.s.b.d.a.OptionalLiveReloadServer       : LiveReload server is running on port 35729
2023-11-02T09:44:27.078+05:30  INFO 17776 --- [restartedMain] o.s.b.w.embedded.tomcat.TomcatWebServer  : Tomcat started on port(s): 1612 (http) with context path '/api/v1'
2023-11-02T09:44:27.099+05:30  INFO 17776 --- [restartedMain] c.p.v.VendormanagementsystemApplication  : Started VendormanagementsystemApplication in 30.751 seconds (process running for 35.04)
2023-11-02T09:46:16.592+05:30  INFO 17776 --- [http-nio-1612-exec-3] o.a.c.c.C.[.[localhost].[/api/v1]        : Initializing Spring DispatcherServlet 'dispatcherServlet'
2023-11-02T09:46:16.592+05:30  INFO 17776 --- [http-nio-1612-exec-3] o.s.web.servlet.DispatcherServlet        : Initializing Servlet 'dispatcherServlet'
2023-11-02T09:46:16.600+05:30  INFO 17776 --- [http-nio-1612-exec-3] o.s.web.servlet.DispatcherServlet        : Completed initialization in 8 ms
2023-11-02T09:46:16.632+05:30 DEBUG 17776 --- [http-nio-1612-exec-3] o.s.security.web.FilterChainProxy        : Securing POST /auth/signup
2023-11-02T09:46:16.681+05:30 DEBUG 17776 --- [http-nio-1612-exec-3] o.s.s.w.a.AnonymousAuthenticationFilter  : Set SecurityContextHolder to anonymous SecurityContext
2023-11-02T09:46:16.732+05:30 DEBUG 17776 --- [http-nio-1612-exec-3] o.s.security.web.FilterChainProxy        : Secured POST /auth/signup
2023-11-02T09:46:28.379+05:30 DEBUG 17776 --- [http-nio-1612-exec-7] o.s.security.web.FilterChainProxy        : Securing POST /auth/signup
2023-11-02T09:46:28.379+05:30 DEBUG 17776 --- [http-nio-1612-exec-7] o.s.s.w.a.AnonymousAuthenticationFilter  : Set SecurityContextHolder to anonymous SecurityContext
2023-11-02T09:46:28.384+05:30 DEBUG 17776 --- [http-nio-1612-exec-7] o.s.security.web.FilterChainProxy        : Secured POST /auth/signup
2023-11-02T09:46:43.715+05:30 DEBUG 17776 --- [http-nio-1612-exec-2] o.s.security.web.FilterChainProxy        : Securing POST /auth/signup
2023-11-02T09:46:43.715+05:30 DEBUG 17776 --- [http-nio-1612-exec-2] o.s.s.w.a.AnonymousAuthenticationFilter  : Set SecurityContextHolder to anonymous SecurityContext
2023-11-02T09:46:43.719+05:30 DEBUG 17776 --- [http-nio-1612-exec-2] o.s.security.web.FilterChainProxy        : Secured POST /auth/signup
2023-11-02T09:48:04.937+05:30 DEBUG 17776 --- [http-nio-1612-exec-6] o.s.security.web.FilterChainProxy        : Securing POST /auth/login
2023-11-02T09:48:04.962+05:30 DEBUG 17776 --- [http-nio-1612-exec-6] o.s.s.w.a.AnonymousAuthenticationFilter  : Set SecurityContextHolder to anonymous SecurityContext
2023-11-02T09:48:04.970+05:30 DEBUG 17776 --- [http-nio-1612-exec-6] o.s.security.web.FilterChainProxy        : Secured POST /auth/login
2023-11-02T09:48:05.762+05:30 DEBUG 17776 --- [http-nio-1612-exec-6] o.s.s.a.dao.DaoAuthenticationProvider    : Authenticated user
2023-11-02T09:50:44.094+05:30 DEBUG 17776 --- [http-nio-1612-exec-4] o.s.security.web.FilterChainProxy        : Securing GET /vendor/byVid?vid=9fae2ad6-1db3-42ac-918d-7eda8e5e967f
2023-11-02T09:50:44.675+05:30 DEBUG 17776 --- [http-nio-1612-exec-4] o.s.s.w.a.AnonymousAuthenticationFilter  : Set SecurityContextHolder to anonymous SecurityContext
2023-11-02T09:50:44.786+05:30 DEBUG 17776 --- [http-nio-1612-exec-4] o.s.s.w.a.Http403ForbiddenEntryPoint     : Pre-authenticated entry point called. Rejecting access
2023-11-02T09:50:45.069+05:30 DEBUG 17776 --- [http-nio-1612-exec-4] o.s.security.web.FilterChainProxy        : Securing GET /error?vid=9fae2ad6-1db3-42ac-918d-7eda8e5e967f
2023-11-02T09:50:45.142+05:30 DEBUG 17776 --- [http-nio-1612-exec-4] o.s.s.w.a.AnonymousAuthenticationFilter  : Set SecurityContextHolder to anonymous SecurityContext
2023-11-02T09:50:45.150+05:30 DEBUG 17776 --- [http-nio-1612-exec-4] o.s.s.w.a.Http403ForbiddenEntryPoint     : Pre-authenticated entry point called. Rejecting access
2023-11-02T09:50:45.189+05:30 DEBUG 17776 --- [http-nio-1612-exec-4] o.s.security.web.FilterChainProxy        : Securing GET /vendor/byVid?vid=9fae2ad6-1db3-42ac-918d-7eda8e5e967f
2023-11-02T09:50:45.189+05:30 DEBUG 17776 --- [http-nio-1612-exec-4] o.s.s.w.a.AnonymousAuthenticationFilter  : Set SecurityContextHolder to anonymous SecurityContext
2023-11-02T09:50:45.197+05:30 DEBUG 17776 --- [http-nio-1612-exec-4] o.s.s.w.a.Http403ForbiddenEntryPoint     : Pre-authenticated entry point called. Rejecting access
2023-11-02T09:50:45.197+05:30 DEBUG 17776 --- [http-nio-1612-exec-4] o.s.security.web.FilterChainProxy        : Securing GET /error?vid=9fae2ad6-1db3-42ac-918d-7eda8e5e967f
2023-11-02T09:50:45.213+05:30 DEBUG 17776 --- [http-nio-1612-exec-4] o.s.s.w.a.AnonymousAuthenticationFilter  : Set SecurityContextHolder to anonymous SecurityContext
2023-11-02T09:50:45.216+05:30 DEBUG 17776 --- [http-nio-1612-exec-4] o.s.s.w.a.Http403ForbiddenEntryPoint     : Pre-authenticated entry point called. Rejecting access
2023-11-02T09:51:29.882+05:30 DEBUG 17776 --- [http-nio-1612-exec-1] o.s.security.web.FilterChainProxy        : Securing OPTIONS /auth/signup
2023-11-02T09:51:29.892+05:30 DEBUG 17776 --- [http-nio-1612-exec-7] o.s.security.web.FilterChainProxy        : Securing POST /auth/signup
2023-11-02T09:51:29.892+05:30 DEBUG 17776 --- [http-nio-1612-exec-7] o.s.s.w.a.AnonymousAuthenticationFilter  : Set SecurityContextHolder to anonymous SecurityContext
2023-11-02T09:51:29.900+05:30 DEBUG 17776 --- [http-nio-1612-exec-7] o.s.security.web.FilterChainProxy        : Secured POST /auth/signup
2023-11-02T09:52:12.541+05:30 DEBUG 17776 --- [http-nio-1612-exec-5] o.s.security.web.FilterChainProxy        : Securing PUT /admin/approveVendor?vid=71f01f73-9fc5-4637-a05c-fd26ddc32821
2023-11-02T09:52:13.197+05:30 DEBUG 17776 --- [http-nio-1612-exec-5] o.s.security.web.FilterChainProxy        : Secured PUT /admin/approveVendor?vid=71f01f73-9fc5-4637-a05c-fd26ddc32821
2023-11-02T09:56:05.113+05:30 DEBUG 17776 --- [http-nio-1612-exec-6] o.s.security.web.FilterChainProxy        : Securing GET /vendor/byVid?vid=9fae2ad6-1db3-42ac-918d-7eda8e5e967f
2023-11-02T09:56:05.166+05:30 DEBUG 17776 --- [http-nio-1612-exec-6] o.s.s.w.a.AnonymousAuthenticationFilter  : Set SecurityContextHolder to anonymous SecurityContext
2023-11-02T09:56:05.180+05:30 DEBUG 17776 --- [http-nio-1612-exec-6] o.s.s.w.a.Http403ForbiddenEntryPoint     : Pre-authenticated entry point called. Rejecting access
2023-11-02T09:56:05.212+05:30 DEBUG 17776 --- [http-nio-1612-exec-6] o.s.security.web.FilterChainProxy        : Securing GET /error?vid=9fae2ad6-1db3-42ac-918d-7eda8e5e967f
2023-11-02T09:56:05.221+05:30 DEBUG 17776 --- [http-nio-1612-exec-6] o.s.s.w.a.AnonymousAuthenticationFilter  : Set SecurityContextHolder to anonymous SecurityContext
2023-11-02T09:56:05.221+05:30 DEBUG 17776 --- [http-nio-1612-exec-6] o.s.s.w.a.Http403ForbiddenEntryPoint     : Pre-authenticated entry point called. Rejecting access
2023-11-02T09:56:05.228+05:30 DEBUG 17776 --- [http-nio-1612-exec-10] o.s.security.web.FilterChainProxy        : Securing GET /vendor/byVid?vid=9fae2ad6-1db3-42ac-918d-7eda8e5e967f
2023-11-02T09:56:05.228+05:30 DEBUG 17776 --- [http-nio-1612-exec-10] o.s.s.w.a.AnonymousAuthenticationFilter  : Set SecurityContextHolder to anonymous SecurityContext
2023-11-02T09:56:05.236+05:30 DEBUG 17776 --- [http-nio-1612-exec-10] o.s.s.w.a.Http403ForbiddenEntryPoint     : Pre-authenticated entry point called. Rejecting access
2023-11-02T09:56:05.236+05:30 DEBUG 17776 --- [http-nio-1612-exec-10] o.s.security.web.FilterChainProxy        : Securing GET /error?vid=9fae2ad6-1db3-42ac-918d-7eda8e5e967f
2023-11-02T09:56:05.236+05:30 DEBUG 17776 --- [http-nio-1612-exec-10] o.s.s.w.a.AnonymousAuthenticationFilter  : Set SecurityContextHolder to anonymous SecurityContext
2023-11-02T09:56:05.236+05:30 DEBUG 17776 --- [http-nio-1612-exec-10] o.s.s.w.a.Http403ForbiddenEntryPoint     : Pre-authenticated entry point called. Rejecting access
2023-11-02T09:56:16.367+05:30  WARN 17776 --- [HikariPool-1 housekeeper] com.zaxxer.hikari.pool.HikariPool        : HikariPool-1 - Thread starvation or clock leap detected (housekeeper delta=3m2s138ms506µs600ns).
2023-11-02T10:03:17.081+05:30 DEBUG 17776 --- [http-nio-1612-exec-1] o.s.security.web.FilterChainProxy        : Securing POST /auth/login
2023-11-02T10:03:17.081+05:30 DEBUG 17776 --- [http-nio-1612-exec-1] o.s.s.w.a.AnonymousAuthenticationFilter  : Set SecurityContextHolder to anonymous SecurityContext
2023-11-02T10:03:17.081+05:30 DEBUG 17776 --- [http-nio-1612-exec-1] o.s.security.web.FilterChainProxy        : Secured POST /auth/login
2023-11-02T10:03:17.650+05:30 DEBUG 17776 --- [http-nio-1612-exec-1] o.s.s.a.dao.DaoAuthenticationProvider    : Authenticated user
2023-11-02T10:03:37.901+05:30 DEBUG 17776 --- [http-nio-1612-exec-7] o.s.security.web.FilterChainProxy        : Securing GET /vendor/byAid?vid=1f5fbb91-806c-4fad-9963-e2878b08f7a9
2023-11-02T10:03:37.999+05:30 DEBUG 17776 --- [http-nio-1612-exec-7] o.s.security.web.FilterChainProxy        : Secured GET /vendor/byAid?vid=1f5fbb91-806c-4fad-9963-e2878b08f7a9
2023-11-02T10:03:38.054+05:30 DEBUG 17776 --- [http-nio-1612-exec-7] o.s.security.web.FilterChainProxy        : Securing GET /error?vid=1f5fbb91-806c-4fad-9963-e2878b08f7a9
2023-11-02T10:03:38.063+05:30 DEBUG 17776 --- [http-nio-1612-exec-7] o.s.s.w.a.AnonymousAuthenticationFilter  : Set SecurityContextHolder to anonymous SecurityContext
2023-11-02T10:03:38.064+05:30 DEBUG 17776 --- [http-nio-1612-exec-7] o.s.s.w.a.Http403ForbiddenEntryPoint     : Pre-authenticated entry point called. Rejecting access
2023-11-02T10:03:54.686+05:30 DEBUG 17776 --- [http-nio-1612-exec-8] o.s.security.web.FilterChainProxy        : Securing GET /vendor/byVid?vid=1f5fbb91-806c-4fad-9963-e2878b08f7a9
2023-11-02T10:03:54.713+05:30 DEBUG 17776 --- [http-nio-1612-exec-8] o.s.security.web.FilterChainProxy        : Secured GET /vendor/byVid?vid=1f5fbb91-806c-4fad-9963-e2878b08f7a9
2023-11-02T10:07:45.778+05:30 DEBUG 17776 --- [http-nio-1612-exec-5] o.s.security.web.FilterChainProxy        : Securing OPTIONS /auth/login
2023-11-02T10:07:45.799+05:30 DEBUG 17776 --- [http-nio-1612-exec-9] o.s.security.web.FilterChainProxy        : Securing POST /auth/login
2023-11-02T10:07:45.802+05:30 DEBUG 17776 --- [http-nio-1612-exec-9] o.s.s.w.a.AnonymousAuthenticationFilter  : Set SecurityContextHolder to anonymous SecurityContext
2023-11-02T10:07:45.807+05:30 DEBUG 17776 --- [http-nio-1612-exec-9] o.s.security.web.FilterChainProxy        : Secured POST /auth/login
2023-11-02T10:07:45.976+05:30 DEBUG 17776 --- [http-nio-1612-exec-9] o.s.s.a.dao.DaoAuthenticationProvider    : Authenticated user
2023-11-02T10:07:47.024+05:30 DEBUG 17776 --- [http-nio-1612-exec-6] o.s.security.web.FilterChainProxy        : Securing OPTIONS /vendor/byVid?vid=1f5fbb91-806c-4fad-9963-e2878b08f7a9
2023-11-02T10:07:47.041+05:30 DEBUG 17776 --- [http-nio-1612-exec-10] o.s.security.web.FilterChainProxy        : Securing GET /vendor/byVid?vid=1f5fbb91-806c-4fad-9963-e2878b08f7a9
2023-11-02T10:07:47.072+05:30 DEBUG 17776 --- [http-nio-1612-exec-10] o.s.security.web.FilterChainProxy        : Secured GET /vendor/byVid?vid=1f5fbb91-806c-4fad-9963-e2878b08f7a9
2023-11-02T10:07:47.210+05:30 DEBUG 17776 --- [http-nio-1612-exec-4] o.s.security.web.FilterChainProxy        : Securing OPTIONS /auth/byToken
2023-11-02T10:07:47.228+05:30 DEBUG 17776 --- [http-nio-1612-exec-1] o.s.security.web.FilterChainProxy        : Securing POST /auth/byToken
2023-11-02T10:07:47.228+05:30 DEBUG 17776 --- [http-nio-1612-exec-1] o.s.s.w.a.AnonymousAuthenticationFilter  : Set SecurityContextHolder to anonymous SecurityContext
2023-11-02T10:07:47.228+05:30 DEBUG 17776 --- [http-nio-1612-exec-1] o.s.security.web.FilterChainProxy        : Secured POST /auth/byToken
2023-11-02T10:07:47.228+05:30 DEBUG 17776 --- [http-nio-1612-exec-3] o.s.security.web.FilterChainProxy        : Securing POST /auth/byToken
2023-11-02T10:07:47.236+05:30 DEBUG 17776 --- [http-nio-1612-exec-3] o.s.s.w.a.AnonymousAuthenticationFilter  : Set SecurityContextHolder to anonymous SecurityContext
2023-11-02T10:07:47.239+05:30 DEBUG 17776 --- [http-nio-1612-exec-3] o.s.security.web.FilterChainProxy        : Secured POST /auth/byToken
2023-11-02T10:07:47.495+05:30 DEBUG 17776 --- [http-nio-1612-exec-7] o.s.security.web.FilterChainProxy        : Securing GET /vendor/byVid?vid=1f5fbb91-806c-4fad-9963-e2878b08f7a9
2023-11-02T10:07:47.519+05:30 DEBUG 17776 --- [http-nio-1612-exec-7] o.s.security.web.FilterChainProxy        : Secured GET /vendor/byVid?vid=1f5fbb91-806c-4fad-9963-e2878b08f7a9
2023-11-02T10:07:47.584+05:30 DEBUG 17776 --- [http-nio-1612-exec-8] o.s.security.web.FilterChainProxy        : Securing GET /vendor/byVid?vid=1f5fbb91-806c-4fad-9963-e2878b08f7a9
2023-11-02T10:07:47.617+05:30 DEBUG 17776 --- [http-nio-1612-exec-8] o.s.security.web.FilterChainProxy        : Secured GET /vendor/byVid?vid=1f5fbb91-806c-4fad-9963-e2878b08f7a9
2023-11-02T10:07:50.646+05:30 DEBUG 17776 --- [http-nio-1612-exec-5] o.s.security.web.FilterChainProxy        : Securing OPTIONS /vendor/service/getVendorServices?vid=1f5fbb91-806c-4fad-9963-e2878b08f7a9
2023-11-02T10:07:50.646+05:30 DEBUG 17776 --- [http-nio-1612-exec-2] o.s.security.web.FilterChainProxy        : Securing OPTIONS /vendor/service/getVendorServices?vid=1f5fbb91-806c-4fad-9963-e2878b08f7a9
2023-11-02T10:07:50.654+05:30 DEBUG 17776 --- [http-nio-1612-exec-9] o.s.security.web.FilterChainProxy        : Securing GET /vendor/service/getVendorServices?vid=1f5fbb91-806c-4fad-9963-e2878b08f7a9
2023-11-02T10:07:50.723+05:30 ERROR 17776 --- [http-nio-1612-exec-9] o.a.c.c.C.[.[.[.[dispatcherServlet]      : Servlet.service() for servlet [dispatcherServlet] in context with path [/api/v1] threw exception

io.jsonwebtoken.ExpiredJwtException: JWT expired at 2023-10-28T18:17:04Z. Current time: 2023-11-02T04:37:50Z, a difference of 382846672 milliseconds.  Allowed clock skew: 0 milliseconds.
	at io.jsonwebtoken.impl.DefaultJwtParser.parse(DefaultJwtParser.java:427) ~[jjwt-impl-0.11.5.jar:0.11.5]
	at io.jsonwebtoken.impl.DefaultJwtParser.parse(DefaultJwtParser.java:529) ~[jjwt-impl-0.11.5.jar:0.11.5]
	at io.jsonwebtoken.impl.DefaultJwtParser.parseClaimsJws(DefaultJwtParser.java:589) ~[jjwt-impl-0.11.5.jar:0.11.5]
	at io.jsonwebtoken.impl.ImmutableJwtParser.parseClaimsJws(ImmutableJwtParser.java:173) ~[jjwt-impl-0.11.5.jar:0.11.5]
	at com.paranthaman.vendormanagementsystem.util.JwtUtil.extractAllClaims(JwtUtil.java:39) ~[classes/:na]
	at com.paranthaman.vendormanagementsystem.util.JwtUtil.extractClaim(JwtUtil.java:30) ~[classes/:na]
	at com.paranthaman.vendormanagementsystem.util.JwtUtil.extractUserEmail(JwtUtil.java:26) ~[classes/:na]
	at com.paranthaman.vendormanagementsystem.config.JwtAuthenticationFilter.doFilterInternal(JwtAuthenticationFilter.java:39) ~[classes/:na]
	at org.springframework.web.filter.OncePerRequestFilter.doFilter(OncePerRequestFilter.java:116) ~[spring-web-6.0.12.jar:6.0.12]
	at org.springframework.security.web.FilterChainProxy$VirtualFilterChain.doFilter(FilterChainProxy.java:374) ~[spring-security-web-6.1.4.jar:6.1.4]
	at org.springframework.security.web.authentication.logout.LogoutFilter.doFilter(LogoutFilter.java:107) ~[spring-security-web-6.1.4.jar:6.1.4]
	at org.springframework.security.web.authentication.logout.LogoutFilter.doFilter(LogoutFilter.java:93) ~[spring-security-web-6.1.4.jar:6.1.4]
	at org.springframework.security.web.FilterChainProxy$VirtualFilterChain.doFilter(FilterChainProxy.java:374) ~[spring-security-web-6.1.4.jar:6.1.4]
	at org.springframework.web.filter.CorsFilter.doFilterInternal(CorsFilter.java:91) ~[spring-web-6.0.12.jar:6.0.12]
	at org.springframework.web.filter.OncePerRequestFilter.doFilter(OncePerRequestFilter.java:116) ~[spring-web-6.0.12.jar:6.0.12]
	at org.springframework.security.web.FilterChainProxy$VirtualFilterChain.doFilter(FilterChainProxy.java:374) ~[spring-security-web-6.1.4.jar:6.1.4]
	at org.springframework.security.web.header.HeaderWriterFilter.doHeadersAfter(HeaderWriterFilter.java:90) ~[spring-security-web-6.1.4.jar:6.1.4]
	at org.springframework.security.web.header.HeaderWriterFilter.doFilterInternal(HeaderWriterFilter.java:75) ~[spring-security-web-6.1.4.jar:6.1.4]
	at org.springframework.web.filter.OncePerRequestFilter.doFilter(OncePerRequestFilter.java:116) ~[spring-web-6.0.12.jar:6.0.12]
	at org.springframework.security.web.FilterChainProxy$VirtualFilterChain.doFilter(FilterChainProxy.java:374) ~[spring-security-web-6.1.4.jar:6.1.4]
	at org.springframework.security.web.context.SecurityContextHolderFilter.doFilter(SecurityContextHolderFilter.java:82) ~[spring-security-web-6.1.4.jar:6.1.4]
	at org.springframework.security.web.context.SecurityContextHolderFilter.doFilter(SecurityContextHolderFilter.java:69) ~[spring-security-web-6.1.4.jar:6.1.4]
	at org.springframework.security.web.FilterChainProxy$VirtualFilterChain.doFilter(FilterChainProxy.java:374) ~[spring-security-web-6.1.4.jar:6.1.4]
	at org.springframework.security.web.context.request.async.WebAsyncManagerIntegrationFilter.doFilterInternal(WebAsyncManagerIntegrationFilter.java:62) ~[spring-security-web-6.1.4.jar:6.1.4]
	at org.springframework.web.filter.OncePerRequestFilter.doFilter(OncePerRequestFilter.java:116) ~[spring-web-6.0.12.jar:6.0.12]
	at org.springframework.security.web.FilterChainProxy$VirtualFilterChain.doFilter(FilterChainProxy.java:374) ~[spring-security-web-6.1.4.jar:6.1.4]
	at org.springframework.security.web.session.DisableEncodeUrlFilter.doFilterInternal(DisableEncodeUrlFilter.java:42) ~[spring-security-web-6.1.4.jar:6.1.4]
	at org.springframework.web.filter.OncePerRequestFilter.doFilter(OncePerRequestFilter.java:116) ~[spring-web-6.0.12.jar:6.0.12]
	at org.springframework.security.web.FilterChainProxy$VirtualFilterChain.doFilter(FilterChainProxy.java:374) ~[spring-security-web-6.1.4.jar:6.1.4]
	at org.springframework.security.web.FilterChainProxy.doFilterInternal(FilterChainProxy.java:233) ~[spring-security-web-6.1.4.jar:6.1.4]
	at org.springframework.security.web.FilterChainProxy.doFilter(FilterChainProxy.java:191) ~[spring-security-web-6.1.4.jar:6.1.4]
	at org.springframework.web.filter.DelegatingFilterProxy.invokeDelegate(DelegatingFilterProxy.java:352) ~[spring-web-6.0.12.jar:6.0.12]
	at org.springframework.web.filter.DelegatingFilterProxy.doFilter(DelegatingFilterProxy.java:268) ~[spring-web-6.0.12.jar:6.0.12]
	at org.apache.catalina.core.ApplicationFilterChain.internalDoFilter(ApplicationFilterChain.java:174) ~[tomcat-embed-core-10.1.13.jar:10.1.13]
	at org.apache.catalina.core.ApplicationFilterChain.doFilter(ApplicationFilterChain.java:149) ~[tomcat-embed-core-10.1.13.jar:10.1.13]
	at org.springframework.web.filter.RequestContextFilter.doFilterInternal(RequestContextFilter.java:100) ~[spring-web-6.0.12.jar:6.0.12]
	at org.springframework.web.filter.OncePerRequestFilter.doFilter(OncePerRequestFilter.java:116) ~[spring-web-6.0.12.jar:6.0.12]
	at org.apache.catalina.core.ApplicationFilterChain.internalDoFilter(ApplicationFilterChain.java:174) ~[tomcat-embed-core-10.1.13.jar:10.1.13]
	at org.apache.catalina.core.ApplicationFilterChain.doFilter(ApplicationFilterChain.java:149) ~[tomcat-embed-core-10.1.13.jar:10.1.13]
	at org.springframework.web.filter.FormContentFilter.doFilterInternal(FormContentFilter.java:93) ~[spring-web-6.0.12.jar:6.0.12]
	at org.springframework.web.filter.OncePerRequestFilter.doFilter(OncePerRequestFilter.java:116) ~[spring-web-6.0.12.jar:6.0.12]
	at org.apache.catalina.core.ApplicationFilterChain.internalDoFilter(ApplicationFilterChain.java:174) ~[tomcat-embed-core-10.1.13.jar:10.1.13]
	at org.apache.catalina.core.ApplicationFilterChain.doFilter(ApplicationFilterChain.java:149) ~[tomcat-embed-core-10.1.13.jar:10.1.13]
	at org.springframework.web.filter.CharacterEncodingFilter.doFilterInternal(CharacterEncodingFilter.java:201) ~[spring-web-6.0.12.jar:6.0.12]
	at org.springframework.web.filter.OncePerRequestFilter.doFilter(OncePerRequestFilter.java:116) ~[spring-web-6.0.12.jar:6.0.12]
	at org.apache.catalina.core.ApplicationFilterChain.internalDoFilter(ApplicationFilterChain.java:174) ~[tomcat-embed-core-10.1.13.jar:10.1.13]
	at org.apache.catalina.core.ApplicationFilterChain.doFilter(ApplicationFilterChain.java:149) ~[tomcat-embed-core-10.1.13.jar:10.1.13]
	at org.apache.catalina.core.StandardWrapperValve.invoke(StandardWrapperValve.java:167) ~[tomcat-embed-core-10.1.13.jar:10.1.13]
	at org.apache.catalina.core.StandardContextValve.invoke(StandardContextValve.java:90) ~[tomcat-embed-core-10.1.13.jar:10.1.13]
	at org.apache.catalina.authenticator.AuthenticatorBase.invoke(AuthenticatorBase.java:482) ~[tomcat-embed-core-10.1.13.jar:10.1.13]
	at org.apache.catalina.core.StandardHostValve.invoke(StandardHostValve.java:115) ~[tomcat-embed-core-10.1.13.jar:10.1.13]
	at org.apache.catalina.valves.ErrorReportValve.invoke(ErrorReportValve.java:93) ~[tomcat-embed-core-10.1.13.jar:10.1.13]
	at org.apache.catalina.core.StandardEngineValve.invoke(StandardEngineValve.java:74) ~[tomcat-embed-core-10.1.13.jar:10.1.13]
	at org.apache.catalina.connector.CoyoteAdapter.service(CoyoteAdapter.java:341) ~[tomcat-embed-core-10.1.13.jar:10.1.13]
	at org.apache.coyote.http11.Http11Processor.service(Http11Processor.java:391) ~[tomcat-embed-core-10.1.13.jar:10.1.13]
	at org.apache.coyote.AbstractProcessorLight.process(AbstractProcessorLight.java:63) ~[tomcat-embed-core-10.1.13.jar:10.1.13]
	at org.apache.coyote.AbstractProtocol$ConnectionHandler.process(AbstractProtocol.java:894) ~[tomcat-embed-core-10.1.13.jar:10.1.13]
	at org.apache.tomcat.util.net.NioEndpoint$SocketProcessor.doRun(NioEndpoint.java:1740) ~[tomcat-embed-core-10.1.13.jar:10.1.13]
	at org.apache.tomcat.util.net.SocketProcessorBase.run(SocketProcessorBase.java:52) ~[tomcat-embed-core-10.1.13.jar:10.1.13]
	at org.apache.tomcat.util.threads.ThreadPoolExecutor.runWorker(ThreadPoolExecutor.java:1191) ~[tomcat-embed-core-10.1.13.jar:10.1.13]
	at org.apache.tomcat.util.threads.ThreadPoolExecutor$Worker.run(ThreadPoolExecutor.java:659) ~[tomcat-embed-core-10.1.13.jar:10.1.13]
	at org.apache.tomcat.util.threads.TaskThread$WrappingRunnable.run(TaskThread.java:61) ~[tomcat-embed-core-10.1.13.jar:10.1.13]
	at java.base/java.lang.Thread.run(Thread.java:833) ~[na:na]

2023-11-02T10:07:50.800+05:30 DEBUG 17776 --- [http-nio-1612-exec-9] o.s.security.web.FilterChainProxy        : Securing GET /error?vid=1f5fbb91-806c-4fad-9963-e2878b08f7a9
2023-11-02T10:07:50.809+05:30 DEBUG 17776 --- [http-nio-1612-exec-9] o.s.s.w.a.AnonymousAuthenticationFilter  : Set SecurityContextHolder to anonymous SecurityContext
2023-11-02T10:07:50.825+05:30 DEBUG 17776 --- [http-nio-1612-exec-9] o.s.s.w.a.Http403ForbiddenEntryPoint     : Pre-authenticated entry point called. Rejecting access
2023-11-02T10:07:50.830+05:30 DEBUG 17776 --- [http-nio-1612-exec-6] o.s.security.web.FilterChainProxy        : Securing GET /vendor/service/getVendorServices?vid=1f5fbb91-806c-4fad-9963-e2878b08f7a9
2023-11-02T10:07:50.838+05:30 ERROR 17776 --- [http-nio-1612-exec-6] o.a.c.c.C.[.[.[.[dispatcherServlet]      : Servlet.service() for servlet [dispatcherServlet] in context with path [/api/v1] threw exception

io.jsonwebtoken.ExpiredJwtException: JWT expired at 2023-10-28T18:17:04Z. Current time: 2023-11-02T04:37:50Z, a difference of 382846835 milliseconds.  Allowed clock skew: 0 milliseconds.
	at io.jsonwebtoken.impl.DefaultJwtParser.parse(DefaultJwtParser.java:427) ~[jjwt-impl-0.11.5.jar:0.11.5]
	at io.jsonwebtoken.impl.DefaultJwtParser.parse(DefaultJwtParser.java:529) ~[jjwt-impl-0.11.5.jar:0.11.5]
	at io.jsonwebtoken.impl.DefaultJwtParser.parseClaimsJws(DefaultJwtParser.java:589) ~[jjwt-impl-0.11.5.jar:0.11.5]
	at io.jsonwebtoken.impl.ImmutableJwtParser.parseClaimsJws(ImmutableJwtParser.java:173) ~[jjwt-impl-0.11.5.jar:0.11.5]
	at com.paranthaman.vendormanagementsystem.util.JwtUtil.extractAllClaims(JwtUtil.java:39) ~[classes/:na]
	at com.paranthaman.vendormanagementsystem.util.JwtUtil.extractClaim(JwtUtil.java:30) ~[classes/:na]
	at com.paranthaman.vendormanagementsystem.util.JwtUtil.extractUserEmail(JwtUtil.java:26) ~[classes/:na]
	at com.paranthaman.vendormanagementsystem.config.JwtAuthenticationFilter.doFilterInternal(JwtAuthenticationFilter.java:39) ~[classes/:na]
	at org.springframework.web.filter.OncePerRequestFilter.doFilter(OncePerRequestFilter.java:116) ~[spring-web-6.0.12.jar:6.0.12]
	at org.springframework.security.web.FilterChainProxy$VirtualFilterChain.doFilter(FilterChainProxy.java:374) ~[spring-security-web-6.1.4.jar:6.1.4]
	at org.springframework.security.web.authentication.logout.LogoutFilter.doFilter(LogoutFilter.java:107) ~[spring-security-web-6.1.4.jar:6.1.4]
	at org.springframework.security.web.authentication.logout.LogoutFilter.doFilter(LogoutFilter.java:93) ~[spring-security-web-6.1.4.jar:6.1.4]
	at org.springframework.security.web.FilterChainProxy$VirtualFilterChain.doFilter(FilterChainProxy.java:374) ~[spring-security-web-6.1.4.jar:6.1.4]
	at org.springframework.web.filter.CorsFilter.doFilterInternal(CorsFilter.java:91) ~[spring-web-6.0.12.jar:6.0.12]
	at org.springframework.web.filter.OncePerRequestFilter.doFilter(OncePerRequestFilter.java:116) ~[spring-web-6.0.12.jar:6.0.12]
	at org.springframework.security.web.FilterChainProxy$VirtualFilterChain.doFilter(FilterChainProxy.java:374) ~[spring-security-web-6.1.4.jar:6.1.4]
	at org.springframework.security.web.header.HeaderWriterFilter.doHeadersAfter(HeaderWriterFilter.java:90) ~[spring-security-web-6.1.4.jar:6.1.4]
	at org.springframework.security.web.header.HeaderWriterFilter.doFilterInternal(HeaderWriterFilter.java:75) ~[spring-security-web-6.1.4.jar:6.1.4]
	at org.springframework.web.filter.OncePerRequestFilter.doFilter(OncePerRequestFilter.java:116) ~[spring-web-6.0.12.jar:6.0.12]
	at org.springframework.security.web.FilterChainProxy$VirtualFilterChain.doFilter(FilterChainProxy.java:374) ~[spring-security-web-6.1.4.jar:6.1.4]
	at org.springframework.security.web.context.SecurityContextHolderFilter.doFilter(SecurityContextHolderFilter.java:82) ~[spring-security-web-6.1.4.jar:6.1.4]
	at org.springframework.security.web.context.SecurityContextHolderFilter.doFilter(SecurityContextHolderFilter.java:69) ~[spring-security-web-6.1.4.jar:6.1.4]
	at org.springframework.security.web.FilterChainProxy$VirtualFilterChain.doFilter(FilterChainProxy.java:374) ~[spring-security-web-6.1.4.jar:6.1.4]
	at org.springframework.security.web.context.request.async.WebAsyncManagerIntegrationFilter.doFilterInternal(WebAsyncManagerIntegrationFilter.java:62) ~[spring-security-web-6.1.4.jar:6.1.4]
	at org.springframework.web.filter.OncePerRequestFilter.doFilter(OncePerRequestFilter.java:116) ~[spring-web-6.0.12.jar:6.0.12]
	at org.springframework.security.web.FilterChainProxy$VirtualFilterChain.doFilter(FilterChainProxy.java:374) ~[spring-security-web-6.1.4.jar:6.1.4]
	at org.springframework.security.web.session.DisableEncodeUrlFilter.doFilterInternal(DisableEncodeUrlFilter.java:42) ~[spring-security-web-6.1.4.jar:6.1.4]
	at org.springframework.web.filter.OncePerRequestFilter.doFilter(OncePerRequestFilter.java:116) ~[spring-web-6.0.12.jar:6.0.12]
	at org.springframework.security.web.FilterChainProxy$VirtualFilterChain.doFilter(FilterChainProxy.java:374) ~[spring-security-web-6.1.4.jar:6.1.4]
	at org.springframework.security.web.FilterChainProxy.doFilterInternal(FilterChainProxy.java:233) ~[spring-security-web-6.1.4.jar:6.1.4]
	at org.springframework.security.web.FilterChainProxy.doFilter(FilterChainProxy.java:191) ~[spring-security-web-6.1.4.jar:6.1.4]
	at org.springframework.web.filter.DelegatingFilterProxy.invokeDelegate(DelegatingFilterProxy.java:352) ~[spring-web-6.0.12.jar:6.0.12]
	at org.springframework.web.filter.DelegatingFilterProxy.doFilter(DelegatingFilterProxy.java:268) ~[spring-web-6.0.12.jar:6.0.12]
	at org.apache.catalina.core.ApplicationFilterChain.internalDoFilter(ApplicationFilterChain.java:174) ~[tomcat-embed-core-10.1.13.jar:10.1.13]
	at org.apache.catalina.core.ApplicationFilterChain.doFilter(ApplicationFilterChain.java:149) ~[tomcat-embed-core-10.1.13.jar:10.1.13]
	at org.springframework.web.filter.RequestContextFilter.doFilterInternal(RequestContextFilter.java:100) ~[spring-web-6.0.12.jar:6.0.12]
	at org.springframework.web.filter.OncePerRequestFilter.doFilter(OncePerRequestFilter.java:116) ~[spring-web-6.0.12.jar:6.0.12]
	at org.apache.catalina.core.ApplicationFilterChain.internalDoFilter(ApplicationFilterChain.java:174) ~[tomcat-embed-core-10.1.13.jar:10.1.13]
	at org.apache.catalina.core.ApplicationFilterChain.doFilter(ApplicationFilterChain.java:149) ~[tomcat-embed-core-10.1.13.jar:10.1.13]
	at org.springframework.web.filter.FormContentFilter.doFilterInternal(FormContentFilter.java:93) ~[spring-web-6.0.12.jar:6.0.12]
	at org.springframework.web.filter.OncePerRequestFilter.doFilter(OncePerRequestFilter.java:116) ~[spring-web-6.0.12.jar:6.0.12]
	at org.apache.catalina.core.ApplicationFilterChain.internalDoFilter(ApplicationFilterChain.java:174) ~[tomcat-embed-core-10.1.13.jar:10.1.13]
	at org.apache.catalina.core.ApplicationFilterChain.doFilter(ApplicationFilterChain.java:149) ~[tomcat-embed-core-10.1.13.jar:10.1.13]
	at org.springframework.web.filter.CharacterEncodingFilter.doFilterInternal(CharacterEncodingFilter.java:201) ~[spring-web-6.0.12.jar:6.0.12]
	at org.springframework.web.filter.OncePerRequestFilter.doFilter(OncePerRequestFilter.java:116) ~[spring-web-6.0.12.jar:6.0.12]
	at org.apache.catalina.core.ApplicationFilterChain.internalDoFilter(ApplicationFilterChain.java:174) ~[tomcat-embed-core-10.1.13.jar:10.1.13]
	at org.apache.catalina.core.ApplicationFilterChain.doFilter(ApplicationFilterChain.java:149) ~[tomcat-embed-core-10.1.13.jar:10.1.13]
	at org.apache.catalina.core.StandardWrapperValve.invoke(StandardWrapperValve.java:167) ~[tomcat-embed-core-10.1.13.jar:10.1.13]
	at org.apache.catalina.core.StandardContextValve.invoke(StandardContextValve.java:90) ~[tomcat-embed-core-10.1.13.jar:10.1.13]
	at org.apache.catalina.authenticator.AuthenticatorBase.invoke(AuthenticatorBase.java:482) ~[tomcat-embed-core-10.1.13.jar:10.1.13]
	at org.apache.catalina.core.StandardHostValve.invoke(StandardHostValve.java:115) ~[tomcat-embed-core-10.1.13.jar:10.1.13]
	at org.apache.catalina.valves.ErrorReportValve.invoke(ErrorReportValve.java:93) ~[tomcat-embed-core-10.1.13.jar:10.1.13]
	at org.apache.catalina.core.StandardEngineValve.invoke(StandardEngineValve.java:74) ~[tomcat-embed-core-10.1.13.jar:10.1.13]
	at org.apache.catalina.connector.CoyoteAdapter.service(CoyoteAdapter.java:341) ~[tomcat-embed-core-10.1.13.jar:10.1.13]
	at org.apache.coyote.http11.Http11Processor.service(Http11Processor.java:391) ~[tomcat-embed-core-10.1.13.jar:10.1.13]
	at org.apache.coyote.AbstractProcessorLight.process(AbstractProcessorLight.java:63) ~[tomcat-embed-core-10.1.13.jar:10.1.13]
	at org.apache.coyote.AbstractProtocol$ConnectionHandler.process(AbstractProtocol.java:894) ~[tomcat-embed-core-10.1.13.jar:10.1.13]
	at org.apache.tomcat.util.net.NioEndpoint$SocketProcessor.doRun(NioEndpoint.java:1740) ~[tomcat-embed-core-10.1.13.jar:10.1.13]
	at org.apache.tomcat.util.net.SocketProcessorBase.run(SocketProcessorBase.java:52) ~[tomcat-embed-core-10.1.13.jar:10.1.13]
	at org.apache.tomcat.util.threads.ThreadPoolExecutor.runWorker(ThreadPoolExecutor.java:1191) ~[tomcat-embed-core-10.1.13.jar:10.1.13]
	at org.apache.tomcat.util.threads.ThreadPoolExecutor$Worker.run(ThreadPoolExecutor.java:659) ~[tomcat-embed-core-10.1.13.jar:10.1.13]
	at org.apache.tomcat.util.threads.TaskThread$WrappingRunnable.run(TaskThread.java:61) ~[tomcat-embed-core-10.1.13.jar:10.1.13]
	at java.base/java.lang.Thread.run(Thread.java:833) ~[na:na]

2023-11-02T10:07:50.868+05:30 DEBUG 17776 --- [http-nio-1612-exec-6] o.s.security.web.FilterChainProxy        : Securing GET /error?vid=1f5fbb91-806c-4fad-9963-e2878b08f7a9
2023-11-02T10:07:50.869+05:30 DEBUG 17776 --- [http-nio-1612-exec-6] o.s.s.w.a.AnonymousAuthenticationFilter  : Set SecurityContextHolder to anonymous SecurityContext
2023-11-02T10:07:50.875+05:30 DEBUG 17776 --- [http-nio-1612-exec-6] o.s.s.w.a.Http403ForbiddenEntryPoint     : Pre-authenticated entry point called. Rejecting access
2023-11-02T10:07:53.333+05:30 DEBUG 17776 --- [http-nio-1612-exec-3] o.s.security.web.FilterChainProxy        : Securing OPTIONS /auth/byToken
2023-11-02T10:07:53.333+05:30 DEBUG 17776 --- [http-nio-1612-exec-1] o.s.security.web.FilterChainProxy        : Securing OPTIONS /auth/byToken
2023-11-02T10:07:53.346+05:30 DEBUG 17776 --- [http-nio-1612-exec-5] o.s.security.web.FilterChainProxy        : Securing GET /vendor/service/getVendorServices?vid=1f5fbb91-806c-4fad-9963-e2878b08f7a9
2023-11-02T10:07:53.363+05:30 DEBUG 17776 --- [http-nio-1612-exec-3] o.s.security.web.FilterChainProxy        : Securing POST /auth/byToken
2023-11-02T10:07:53.346+05:30 DEBUG 17776 --- [http-nio-1612-exec-2] o.s.security.web.FilterChainProxy        : Securing POST /auth/byToken
2023-11-02T10:07:53.381+05:30 DEBUG 17776 --- [http-nio-1612-exec-2] o.s.s.w.a.AnonymousAuthenticationFilter  : Set SecurityContextHolder to anonymous SecurityContext
2023-11-02T10:07:53.381+05:30 DEBUG 17776 --- [http-nio-1612-exec-2] o.s.security.web.FilterChainProxy        : Secured POST /auth/byToken
2023-11-02T10:07:53.381+05:30 DEBUG 17776 --- [http-nio-1612-exec-3] o.s.s.w.a.AnonymousAuthenticationFilter  : Set SecurityContextHolder to anonymous SecurityContext
2023-11-02T10:07:53.378+05:30 DEBUG 17776 --- [http-nio-1612-exec-7] o.s.security.web.FilterChainProxy        : Securing OPTIONS /vendor/byVid?vid=1f5fbb91-806c-4fad-9963-e2878b08f7a9
2023-11-02T10:07:53.368+05:30 DEBUG 17776 --- [http-nio-1612-exec-8] o.s.security.web.FilterChainProxy        : Securing GET /vendor/byVid?vid=1f5fbb91-806c-4fad-9963-e2878b08f7a9
2023-11-02T10:07:53.390+05:30 DEBUG 17776 --- [http-nio-1612-exec-8] o.s.s.w.a.AnonymousAuthenticationFilter  : Set SecurityContextHolder to anonymous SecurityContext
2023-11-02T10:07:53.420+05:30 DEBUG 17776 --- [http-nio-1612-exec-3] o.s.security.web.FilterChainProxy        : Secured POST /auth/byToken
2023-11-02T10:07:53.420+05:30 DEBUG 17776 --- [http-nio-1612-exec-8] o.s.s.w.a.Http403ForbiddenEntryPoint     : Pre-authenticated entry point called. Rejecting access
2023-11-02T10:07:53.428+05:30 DEBUG 17776 --- [http-nio-1612-exec-8] o.s.security.web.FilterChainProxy        : Securing GET /error?vid=1f5fbb91-806c-4fad-9963-e2878b08f7a9
2023-11-02T10:07:53.436+05:30 DEBUG 17776 --- [http-nio-1612-exec-5] o.s.security.web.FilterChainProxy        : Secured GET /vendor/service/getVendorServices?vid=1f5fbb91-806c-4fad-9963-e2878b08f7a9
2023-11-02T10:07:53.466+05:30 DEBUG 17776 --- [http-nio-1612-exec-8] o.s.s.w.a.AnonymousAuthenticationFilter  : Set SecurityContextHolder to anonymous SecurityContext
2023-11-02T10:07:53.500+05:30 DEBUG 17776 --- [http-nio-1612-exec-8] o.s.s.w.a.Http403ForbiddenEntryPoint     : Pre-authenticated entry point called. Rejecting access
2023-11-02T10:07:53.514+05:30 DEBUG 17776 --- [http-nio-1612-exec-9] o.s.security.web.FilterChainProxy        : Securing GET /vendor/byVid?vid=1f5fbb91-806c-4fad-9963-e2878b08f7a9
2023-11-02T10:07:53.573+05:30 DEBUG 17776 --- [http-nio-1612-exec-9] o.s.security.web.FilterChainProxy        : Secured GET /vendor/byVid?vid=1f5fbb91-806c-4fad-9963-e2878b08f7a9
2023-11-02T10:07:53.574+05:30 DEBUG 17776 --- [http-nio-1612-exec-6] o.s.security.web.FilterChainProxy        : Securing GET /vendor/service/getVendorServices?vid=1f5fbb91-806c-4fad-9963-e2878b08f7a9
2023-11-02T10:07:53.636+05:30 DEBUG 17776 --- [http-nio-1612-exec-6] o.s.security.web.FilterChainProxy        : Secured GET /vendor/service/getVendorServices?vid=1f5fbb91-806c-4fad-9963-e2878b08f7a9
2023-11-02T10:07:53.687+05:30 DEBUG 17776 --- [http-nio-1612-exec-10] o.s.security.web.FilterChainProxy        : Securing GET /vendor/byVid?vid=1f5fbb91-806c-4fad-9963-e2878b08f7a9
2023-11-02T10:07:53.713+05:30 DEBUG 17776 --- [http-nio-1612-exec-10] o.s.security.web.FilterChainProxy        : Secured GET /vendor/byVid?vid=1f5fbb91-806c-4fad-9963-e2878b08f7a9
2023-11-02T10:07:53.759+05:30 DEBUG 17776 --- [http-nio-1612-exec-4] o.s.security.web.FilterChainProxy        : Securing GET /vendor/byVid?vid=1f5fbb91-806c-4fad-9963-e2878b08f7a9
2023-11-02T10:07:53.799+05:30 DEBUG 17776 --- [http-nio-1612-exec-4] o.s.security.web.FilterChainProxy        : Secured GET /vendor/byVid?vid=1f5fbb91-806c-4fad-9963-e2878b08f7a9
2023-11-02T10:08:03.516+05:30 DEBUG 17776 --- [http-nio-1612-exec-5] o.s.security.web.FilterChainProxy        : Securing OPTIONS /vendor/service/postService?vid=1f5fbb91-806c-4fad-9963-e2878b08f7a9
2023-11-02T10:08:03.522+05:30 DEBUG 17776 --- [http-nio-1612-exec-6] o.s.security.web.FilterChainProxy        : Securing POST /vendor/service/postService?vid=1f5fbb91-806c-4fad-9963-e2878b08f7a9
2023-11-02T10:08:03.541+05:30 DEBUG 17776 --- [http-nio-1612-exec-6] o.s.security.web.FilterChainProxy        : Secured POST /vendor/service/postService?vid=1f5fbb91-806c-4fad-9963-e2878b08f7a9
2023-11-02T10:08:03.835+05:30 DEBUG 17776 --- [http-nio-1612-exec-9] o.s.security.web.FilterChainProxy        : Securing OPTIONS /vendor/service/getVendorServices?vid=1f5fbb91-806c-4fad-9963-e2878b08f7a9
2023-11-02T10:08:03.841+05:30 DEBUG 17776 --- [http-nio-1612-exec-10] o.s.security.web.FilterChainProxy        : Securing GET /vendor/service/getVendorServices?vid=1f5fbb91-806c-4fad-9963-e2878b08f7a9
2023-11-02T10:08:03.865+05:30 DEBUG 17776 --- [http-nio-1612-exec-10] o.s.security.web.FilterChainProxy        : Secured GET /vendor/service/getVendorServices?vid=1f5fbb91-806c-4fad-9963-e2878b08f7a9
2023-11-02T10:08:49.417+05:30 DEBUG 17776 --- [http-nio-1612-exec-8] o.s.security.web.FilterChainProxy        : Securing GET /vendor/byVid?vid=1f5fbb91-806c-4fad-9963-e2878b08f7a9
2023-11-02T10:08:49.433+05:30 DEBUG 17776 --- [http-nio-1612-exec-8] o.s.security.web.FilterChainProxy        : Secured GET /vendor/byVid?vid=1f5fbb91-806c-4fad-9963-e2878b08f7a9
2023-11-02T10:09:15.562+05:30 DEBUG 17776 --- [http-nio-1612-exec-3] o.s.security.web.FilterChainProxy        : Securing POST /vendor/addEmployee?sid=683b9e34-0a92-4431-9c3c-f257f6f50d5b&vid=1f5fbb91-806c-4fad-9963-e2878b08f7a9
2023-11-02T10:09:15.578+05:30 DEBUG 17776 --- [http-nio-1612-exec-3] o.s.security.web.FilterChainProxy        : Secured POST /vendor/addEmployee?sid=683b9e34-0a92-4431-9c3c-f257f6f50d5b&vid=1f5fbb91-806c-4fad-9963-e2878b08f7a9
2023-11-02T10:09:31.617+05:30 DEBUG 17776 --- [http-nio-1612-exec-7] o.s.security.web.FilterChainProxy        : Securing OPTIONS /vendor/getAllEmployees?vid=1f5fbb91-806c-4fad-9963-e2878b08f7a9
2023-11-02T10:09:31.617+05:30 DEBUG 17776 --- [http-nio-1612-exec-1] o.s.security.web.FilterChainProxy        : Securing OPTIONS /vendor/getAllEmployees?vid=1f5fbb91-806c-4fad-9963-e2878b08f7a9
2023-11-02T10:09:31.634+05:30 DEBUG 17776 --- [http-nio-1612-exec-5] o.s.security.web.FilterChainProxy        : Securing GET /vendor/getAllEmployees?vid=1f5fbb91-806c-4fad-9963-e2878b08f7a9
2023-11-02T10:09:31.742+05:30 DEBUG 17776 --- [http-nio-1612-exec-5] o.s.security.web.FilterChainProxy        : Secured GET /vendor/getAllEmployees?vid=1f5fbb91-806c-4fad-9963-e2878b08f7a9
2023-11-02T10:09:31.807+05:30 DEBUG 17776 --- [http-nio-1612-exec-6] o.s.security.web.FilterChainProxy        : Securing GET /vendor/getAllEmployees?vid=1f5fbb91-806c-4fad-9963-e2878b08f7a9
2023-11-02T10:09:31.825+05:30 DEBUG 17776 --- [http-nio-1612-exec-6] o.s.security.web.FilterChainProxy        : Secured GET /vendor/getAllEmployees?vid=1f5fbb91-806c-4fad-9963-e2878b08f7a9
2023-11-02T10:10:25.476+05:30 DEBUG 17776 --- [http-nio-1612-exec-2] o.s.security.web.FilterChainProxy        : Securing OPTIONS /vendor/service/getVendorServices?vid=1f5fbb91-806c-4fad-9963-e2878b08f7a9
2023-11-02T10:10:25.485+05:30 DEBUG 17776 --- [http-nio-1612-exec-8] o.s.security.web.FilterChainProxy        : Securing OPTIONS /vendor/service/getVendorServices?vid=1f5fbb91-806c-4fad-9963-e2878b08f7a9
2023-11-02T10:10:25.503+05:30 DEBUG 17776 --- [http-nio-1612-exec-3] o.s.security.web.FilterChainProxy        : Securing GET /vendor/service/getVendorServices?vid=1f5fbb91-806c-4fad-9963-e2878b08f7a9
2023-11-02T10:10:25.523+05:30 DEBUG 17776 --- [http-nio-1612-exec-3] o.s.security.web.FilterChainProxy        : Secured GET /vendor/service/getVendorServices?vid=1f5fbb91-806c-4fad-9963-e2878b08f7a9
2023-11-02T10:10:25.559+05:30 DEBUG 17776 --- [http-nio-1612-exec-1] o.s.security.web.FilterChainProxy        : Securing GET /vendor/service/getVendorServices?vid=1f5fbb91-806c-4fad-9963-e2878b08f7a9
2023-11-02T10:10:25.578+05:30 DEBUG 17776 --- [http-nio-1612-exec-1] o.s.security.web.FilterChainProxy        : Secured GET /vendor/service/getVendorServices?vid=1f5fbb91-806c-4fad-9963-e2878b08f7a9
2023-11-02T10:10:26.383+05:30 DEBUG 17776 --- [http-nio-1612-exec-7] o.s.security.web.FilterChainProxy        : Securing OPTIONS /vendor/getAllEmployees?vid=1f5fbb91-806c-4fad-9963-e2878b08f7a9
2023-11-02T10:10:26.391+05:30 DEBUG 17776 --- [http-nio-1612-exec-5] o.s.security.web.FilterChainProxy        : Securing OPTIONS /vendor/getAllEmployees?vid=1f5fbb91-806c-4fad-9963-e2878b08f7a9
2023-11-02T10:10:26.393+05:30 DEBUG 17776 --- [http-nio-1612-exec-6] o.s.security.web.FilterChainProxy        : Securing GET /vendor/getAllEmployees?vid=1f5fbb91-806c-4fad-9963-e2878b08f7a9
2023-11-02T10:10:26.418+05:30 DEBUG 17776 --- [http-nio-1612-exec-6] o.s.security.web.FilterChainProxy        : Secured GET /vendor/getAllEmployees?vid=1f5fbb91-806c-4fad-9963-e2878b08f7a9
2023-11-02T10:10:26.450+05:30 DEBUG 17776 --- [http-nio-1612-exec-9] o.s.security.web.FilterChainProxy        : Securing GET /vendor/getAllEmployees?vid=1f5fbb91-806c-4fad-9963-e2878b08f7a9
2023-11-02T10:10:26.466+05:30 DEBUG 17776 --- [http-nio-1612-exec-9] o.s.security.web.FilterChainProxy        : Secured GET /vendor/getAllEmployees?vid=1f5fbb91-806c-4fad-9963-e2878b08f7a9
2023-11-02T10:10:27.019+05:30 DEBUG 17776 --- [http-nio-1612-exec-10] o.s.security.web.FilterChainProxy        : Securing GET /vendor/service/getVendorServices?vid=1f5fbb91-806c-4fad-9963-e2878b08f7a9
2023-11-02T10:10:27.044+05:30 DEBUG 17776 --- [http-nio-1612-exec-10] o.s.security.web.FilterChainProxy        : Secured GET /vendor/service/getVendorServices?vid=1f5fbb91-806c-4fad-9963-e2878b08f7a9
2023-11-02T10:10:27.060+05:30 DEBUG 17776 --- [http-nio-1612-exec-4] o.s.security.web.FilterChainProxy        : Securing GET /vendor/service/getVendorServices?vid=1f5fbb91-806c-4fad-9963-e2878b08f7a9
2023-11-02T10:10:27.077+05:30 DEBUG 17776 --- [http-nio-1612-exec-4] o.s.security.web.FilterChainProxy        : Secured GET /vendor/service/getVendorServices?vid=1f5fbb91-806c-4fad-9963-e2878b08f7a9
2023-11-02T10:10:53.958+05:30 DEBUG 17776 --- [http-nio-1612-exec-3] o.s.security.web.FilterChainProxy        : Securing OPTIONS /vendor/service/getVendorServices?vid=1f5fbb91-806c-4fad-9963-e2878b08f7a9
2023-11-02T10:10:53.974+05:30 DEBUG 17776 --- [http-nio-1612-exec-7] o.s.security.web.FilterChainProxy        : Securing GET /vendor/service/getVendorServices?vid=1f5fbb91-806c-4fad-9963-e2878b08f7a9
2023-11-02T10:10:53.974+05:30 DEBUG 17776 --- [http-nio-1612-exec-1] o.s.security.web.FilterChainProxy        : Securing OPTIONS /vendor/service/getVendorServices?vid=1f5fbb91-806c-4fad-9963-e2878b08f7a9
2023-11-02T10:10:54.001+05:30 DEBUG 17776 --- [http-nio-1612-exec-7] o.s.security.web.FilterChainProxy        : Secured GET /vendor/service/getVendorServices?vid=1f5fbb91-806c-4fad-9963-e2878b08f7a9
2023-11-02T10:10:54.026+05:30 DEBUG 17776 --- [http-nio-1612-exec-5] o.s.security.web.FilterChainProxy        : Securing GET /vendor/service/getVendorServices?vid=1f5fbb91-806c-4fad-9963-e2878b08f7a9
2023-11-02T10:10:54.037+05:30 DEBUG 17776 --- [http-nio-1612-exec-5] o.s.security.web.FilterChainProxy        : Secured GET /vendor/service/getVendorServices?vid=1f5fbb91-806c-4fad-9963-e2878b08f7a9
2023-11-02T10:11:36.357+05:30 DEBUG 17776 --- [http-nio-1612-exec-10] o.s.security.web.FilterChainProxy        : Securing OPTIONS /vendor/byVid?vid=1f5fbb91-806c-4fad-9963-e2878b08f7a9
2023-11-02T10:11:36.357+05:30 DEBUG 17776 --- [http-nio-1612-exec-4] o.s.security.web.FilterChainProxy        : Securing OPTIONS /vendor/byVid?vid=1f5fbb91-806c-4fad-9963-e2878b08f7a9
2023-11-02T10:11:36.364+05:30 DEBUG 17776 --- [http-nio-1612-exec-8] o.s.security.web.FilterChainProxy        : Securing GET /vendor/byVid?vid=1f5fbb91-806c-4fad-9963-e2878b08f7a9
2023-11-02T10:11:36.381+05:30 DEBUG 17776 --- [http-nio-1612-exec-8] o.s.security.web.FilterChainProxy        : Secured GET /vendor/byVid?vid=1f5fbb91-806c-4fad-9963-e2878b08f7a9
2023-11-02T10:11:36.454+05:30 DEBUG 17776 --- [http-nio-1612-exec-2] o.s.security.web.FilterChainProxy        : Securing GET /vendor/byVid?vid=1f5fbb91-806c-4fad-9963-e2878b08f7a9
2023-11-02T10:11:36.487+05:30 DEBUG 17776 --- [http-nio-1612-exec-2] o.s.security.web.FilterChainProxy        : Secured GET /vendor/byVid?vid=1f5fbb91-806c-4fad-9963-e2878b08f7a9
2023-11-02T10:15:00.215+05:30 DEBUG 17776 --- [http-nio-1612-exec-7] o.s.security.web.FilterChainProxy        : Securing DELETE /vendor/service/deleteService?sid=683b9e34-0a92-4431-9c3c-f257f6f50d5b
2023-11-02T10:15:00.251+05:30 DEBUG 17776 --- [http-nio-1612-exec-7] o.s.security.web.FilterChainProxy        : Secured DELETE /vendor/service/deleteService?sid=683b9e34-0a92-4431-9c3c-f257f6f50d5b
